[debug] [2020-02-24T12:57:11.222Z] ----------------------------------------------------------------------
[debug] [2020-02-24T12:57:11.224Z] Command:       C:\Program Files\nodejs\node.exe C:\Users\total\AppData\Roaming\npm\node_modules\firebase-tools\lib\bin\firebase.js init
[debug] [2020-02-24T12:57:11.224Z] CLI Version:   7.13.1
[debug] [2020-02-24T12:57:11.224Z] Platform:      win32
[debug] [2020-02-24T12:57:11.224Z] Node Version:  v12.15.0
[debug] [2020-02-24T12:57:11.234Z] Time:          Mon Feb 24 2020 13:57:11 GMT+0100 (GMT+01:00)
[debug] [2020-02-24T12:57:11.234Z] ----------------------------------------------------------------------
[debug] [2020-02-24T12:57:11.234Z] 
[debug] [2020-02-24T12:57:11.243Z] > command requires scopes: ["email","openid","https://www.googleapis.com/auth/cloudplatformprojects.readonly","https://www.googleapis.com/auth/firebase","https://www.googleapis.com/auth/cloud-platform"]
[debug] [2020-02-24T12:57:11.244Z] > authorizing via signed-in user
[info] 
     ######## #### ########  ######## ########     ###     ######  ########
     ##        ##  ##     ## ##       ##     ##  ##   ##  ##       ##
     ######    ##  ########  ######   ########  #########  ######  ######
     ##        ##  ##    ##  ##       ##     ## ##     ##       ## ##
     ##       #### ##     ## ######## ########  ##     ##  ######  ########

You're about to initialize a Firebase project in this directory:

  C:\Users\total\OneDrive\Documents\Ubiqum\Projet Final Marvel\marvel

Before we get started, keep in mind:

  * You are initializing in an existing Firebase project directory

